SF:lib/network/api_error.dart
DA:9,1
DA:10,2
DA:11,2
DA:13,1
DA:15,4
DA:18,1
DA:19,5
LF:7
LH:7
end_of_record
SF:lib/network/api_error_handle.dart
DA:8,6
DA:9,2
DA:10,2
DA:12,2
DA:13,2
DA:14,4
DA:15,1
DA:16,4
DA:17,4
DA:18,4
DA:19,1
DA:20,4
DA:21,3
DA:22,2
DA:23,1
DA:24,2
DA:25,2
DA:26,1
DA:27,2
DA:28,2
DA:29,1
DA:30,2
DA:31,2
DA:32,1
DA:33,2
DA:34,2
DA:35,1
DA:36,2
DA:37,2
DA:38,1
DA:39,2
DA:41,2
DA:42,1
DA:43,2
DA:46,1
DA:47,2
LF:36
LH:36
end_of_record
SF:lib/network/dio_helper.dart
DA:9,3
DA:13,1
DA:14,1
DA:17,1
DA:18,1
DA:19,1
DA:22,1
DA:23,1
DA:24,0
DA:25,0
DA:27,1
DA:30,1
DA:32,1
DA:33,2
DA:34,3
DA:35,3
DA:36,4
DA:37,3
DA:38,3
DA:60,1
DA:61,4
DA:68,2
LF:22
LH:20
end_of_record
SF:lib/values/strings.dart
DA:2,0
LF:1
LH:0
end_of_record
SF:lib/model/LoginResponse.dart
DA:8,0
DA:13,0
DA:14,0
DA:15,0
DA:18,2
DA:19,4
DA:20,4
DA:21,8
DA:26,0
DA:31,0
DA:32,0
DA:33,0
DA:34,0
DA:36,4
DA:37,0
DA:38,2
DA:40,0
DA:41,0
DA:42,0
DA:43,0
DA:44,0
DA:45,0
DA:50,2
DA:52,2
DA:73,0
DA:91,0
DA:92,0
DA:93,0
DA:94,0
DA:95,0
DA:96,0
DA:97,0
DA:98,0
DA:99,0
DA:100,0
DA:101,0
DA:102,0
DA:103,0
DA:104,0
DA:105,0
DA:106,0
DA:109,2
DA:110,4
DA:111,4
DA:112,4
DA:113,4
DA:114,4
DA:115,4
DA:116,4
DA:117,4
DA:118,4
DA:119,4
DA:120,4
DA:121,4
DA:122,4
DA:123,4
DA:124,4
DA:125,4
DA:143,0
DA:161,0
DA:162,0
DA:163,0
DA:164,0
DA:165,0
DA:166,0
DA:167,0
DA:168,0
DA:169,0
DA:170,0
DA:171,0
DA:172,0
DA:173,0
DA:174,0
DA:175,0
DA:176,0
DA:177,0
DA:179,0
DA:180,0
DA:181,2
DA:182,0
DA:183,0
DA:184,0
DA:185,0
DA:186,0
DA:187,0
DA:188,0
DA:189,0
DA:190,0
DA:191,0
DA:192,0
DA:193,0
DA:194,0
DA:196,0
DA:197,0
DA:198,0
DA:199,0
DA:200,0
DA:201,0
DA:202,0
DA:203,0
DA:204,0
DA:205,0
DA:206,0
DA:207,0
DA:208,0
DA:209,0
DA:210,0
DA:211,0
DA:212,0
DA:213,0
LF:110
LH:26
end_of_record
SF:lib/modules/dashboard/bloc/dash_bloc.dart
DA:7,3
DA:8,1
LF:2
LH:2
end_of_record
SF:lib/modules/dashboard/dashboardScreen.dart
DA:7,1
DA:9,1
DA:10,1
DA:14,1
DA:16,1
DA:19,1
DA:22,1
DA:24,1
DA:25,1
DA:26,0
DA:27,1
DA:28,1
DA:29,1
LF:13
LH:12
end_of_record
SF:lib/modules/login/bloc/login_state.dart
DA:12,2
DA:20,1
DA:27,1
DA:28,1
DA:29,1
DA:30,1
DA:31,1
DA:32,1
DA:36,2
DA:38,12
DA:45,2
DA:46,2
DA:47,4
DA:52,1
DA:54,1
DA:55,2
LF:16
LH:16
end_of_record
SF:lib/modules/login/bloc/login_event.dart
DA:4,2
DA:6,1
DA:7,1
DA:12,1
DA:15,1
DA:16,2
DA:21,1
DA:24,1
DA:25,2
DA:30,2
DA:32,1
DA:33,3
LF:12
LH:12
end_of_record
SF:lib/modules/login/bloc/login_bloc.dart
DA:17,6
DA:18,4
DA:19,4
DA:20,4
DA:23,1
DA:25,2
DA:26,1
DA:28,1
DA:32,3
DA:35,1
DA:37,1
DA:38,2
DA:40,1
DA:42,2
DA:44,1
DA:46,1
DA:48,1
DA:50,1
DA:55,3
DA:58,2
DA:59,2
DA:60,2
DA:61,2
DA:62,2
DA:63,6
DA:64,6
DA:65,1
DA:66,3
DA:67,4
DA:68,3
DA:73,1
DA:74,3
DA:75,4
DA:76,3
DA:80,12
DA:82,4
DA:84,4
DA:85,2
DA:86,6
DA:88,3
DA:93,1
DA:96,2
DA:99,1
DA:101,1
DA:102,1
DA:105,1
DA:106,1
DA:107,1
DA:110,1
DA:111,1
DA:112,1
DA:115,1
DA:116,1
DA:117,1
LF:54
LH:54
end_of_record
SF:lib/repo/loginrepo.dart
DA:13,2
DA:14,2
DA:15,2
DA:17,4
DA:18,6
DA:19,6
DA:20,2
DA:21,6
DA:23,1
DA:24,1
DA:25,1
DA:26,2
LF:12
LH:12
end_of_record
SF:lib/modules/login/loginScreen.dart
DA:13,2
DA:14,1
DA:15,1
DA:24,0
DA:25,0
DA:26,0
DA:27,0
DA:28,0
DA:30,0
DA:33,0
DA:34,0
DA:35,0
DA:36,0
DA:38,0
DA:40,0
DA:41,0
DA:42,0
DA:44,0
DA:53,1
DA:55,1
DA:56,1
DA:57,1
DA:58,2
DA:59,2
DA:62,1
DA:64,1
DA:65,1
DA:66,1
DA:69,1
DA:70,1
DA:73,1
DA:74,1
DA:75,1
DA:76,1
DA:77,4
DA:78,1
DA:81,1
DA:93,2
DA:94,1
DA:96,1
DA:97,1
DA:98,1
DA:99,1
DA:100,1
DA:102,1
DA:103,1
DA:104,1
DA:105,1
DA:106,1
DA:109,1
DA:110,1
DA:115,1
DA:116,1
DA:119,1
DA:150,1
DA:156,1
DA:159,1
DA:160,1
DA:161,1
DA:162,1
DA:165,1
DA:167,1
DA:171,1
DA:172,1
DA:173,1
DA:174,1
DA:175,1
DA:176,1
DA:177,1
DA:178,1
DA:179,1
DA:180,0
DA:181,0
DA:182,0
DA:188,1
DA:190,1
DA:191,1
DA:193,1
DA:194,1
DA:196,0
DA:197,0
DA:198,0
DA:200,1
DA:201,1
DA:202,1
DA:210,1
DA:212,1
DA:213,1
DA:215,1
DA:216,1
DA:218,0
DA:219,0
DA:220,0
DA:222,1
DA:223,1
DA:224,1
DA:232,1
DA:234,1
DA:235,1
DA:236,0
DA:247,1
DA:249,1
DA:258,1
DA:262,1
DA:263,1
DA:266,1
DA:267,1
DA:268,1
DA:269,1
DA:272,1
DA:273,1
DA:274,1
DA:278,1
DA:279,1
DA:283,0
DA:284,0
DA:285,0
DA:286,0
DA:287,0
DA:298,1
DA:301,1
DA:303,1
DA:304,1
DA:306,1
DA:311,1
DA:312,1
DA:313,1
DA:315,1
DA:321,1
DA:322,3
DA:323,3
DA:324,2
DA:325,1
DA:326,2
DA:327,2
LF:135
LH:105
end_of_record
SF:lib/utils/button.dart
DA:8,1
DA:13,1
DA:15,1
DA:17,1
DA:18,4
DA:20,1
DA:21,2
DA:23,1
DA:26,1
DA:27,1
DA:28,1
DA:29,1
DA:30,1
DA:34,1
DA:35,1
DA:36,1
DA:37,1
DA:43,2
LF:18
LH:18
end_of_record
SF:lib/utils/router.dart
DA:26,1
DA:27,1
DA:28,1
DA:29,0
DA:30,1
DA:31,0
DA:32,1
DA:33,1
DA:52,0
DA:53,0
DA:54,0
DA:55,0
DA:60,0
DA:61,0
DA:62,0
DA:63,0
DA:64,0
DA:65,0
DA:69,1
DA:70,1
DA:71,2
DA:72,2
DA:73,1
LF:23
LH:11
end_of_record
SF:lib/utils/text_input_field.dart
DA:14,1
DA:23,1
DA:25,1
DA:26,1
DA:32,1
DA:34,1
DA:35,2
DA:36,1
DA:38,5
DA:39,2
DA:40,2
DA:41,1
DA:42,3
DA:43,2
DA:48,1
DA:49,1
DA:50,2
DA:51,4
DA:52,1
DA:53,2
DA:54,1
DA:59,1
DA:60,2
DA:61,1
DA:67,2
DA:68,1
DA:69,1
DA:71,1
DA:72,2
DA:74,0
DA:75,0
DA:76,0
LF:32
LH:29
end_of_record
SF:lib/modules/splash/bloc/splash_bloc.dart
DA:6,0
DA:7,0
DA:8,0
DA:11,0
DA:12,0
DA:13,0
DA:14,0
DA:18,0
DA:19,0
LF:9
LH:0
end_of_record
SF:lib/modules/splash/bloc/splash_event.dart
DA:6,0
DA:8,0
DA:13,0
DA:14,0
DA:16,0
DA:21,0
DA:22,0
DA:24,0
LF:8
LH:0
end_of_record
SF:lib/modules/splash/bloc/splash_state.dart
DA:8,3
DA:10,0
DA:14,0
DA:17,0
DA:18,0
DA:22,3
LF:6
LH:2
end_of_record
SF:lib/modules/splash/splash_view.dart
DA:10,3
DA:12,0
DA:13,0
DA:24,0
DA:26,0
DA:27,0
DA:30,0
DA:31,0
DA:34,0
DA:36,0
DA:37,0
DA:38,0
DA:39,0
DA:40,0
DA:41,0
DA:43,0
DA:44,0
DA:45,0
DA:47,0
DA:50,0
DA:52,0
DA:54,0
DA:55,0
DA:56,0
DA:57,0
DA:59,0
DA:60,0
DA:63,0
DA:65,0
DA:66,0
DA:68,0
DA:69,0
DA:70,0
DA:71,0
DA:72,0
DA:73,0
DA:74,0
DA:75,0
DA:76,0
DA:77,0
DA:80,0
DA:84,0
DA:86,0
DA:87,0
LF:44
LH:1
end_of_record
SF:lib/network/urlConstants.dart
DA:2,0
LF:1
LH:0
end_of_record
